Determining if the pthread_create exist failed with the following output:
Change Dir: /home/pi/GitHub/Optimotive/Tests/Full-Test/Build/CMakeFiles/CMakeTmp

Run Build Command:/usr/bin/make "cmTryCompileExec154776195/fast"
/usr/bin/make -f CMakeFiles/cmTryCompileExec154776195.dir/build.make CMakeFiles/cmTryCompileExec154776195.dir/build
make[1]: Entering directory '/home/pi/GitHub/Optimotive/Tests/Full-Test/Build/CMakeFiles/CMakeTmp'
/usr/bin/cmake -E cmake_progress_report /home/pi/GitHub/Optimotive/Tests/Full-Test/Build/CMakeFiles/CMakeTmp/CMakeFiles 1
Building C object CMakeFiles/cmTryCompileExec154776195.dir/CheckSymbolExists.c.o
/usr/bin/gcc    -o CMakeFiles/cmTryCompileExec154776195.dir/CheckSymbolExists.c.o   -c /home/pi/GitHub/Optimotive/Tests/Full-Test/Build/CMakeFiles/CMakeTmp/CheckSymbolExists.c
Linking C executable cmTryCompileExec154776195
/usr/bin/cmake -E cmake_link_script CMakeFiles/cmTryCompileExec154776195.dir/link.txt --verbose=1
/usr/bin/gcc         CMakeFiles/cmTryCompileExec154776195.dir/CheckSymbolExists.c.o  -o cmTryCompileExec154776195 -rdynamic 
CMakeFiles/cmTryCompileExec154776195.dir/CheckSymbolExists.c.o: In function `main':
CheckSymbolExists.c:(.text+0x38): undefined reference to `pthread_create'
collect2: ld returned 1 exit status
CMakeFiles/cmTryCompileExec154776195.dir/build.make:91: recipe for target 'cmTryCompileExec154776195' failed
make[1]: Leaving directory '/home/pi/GitHub/Optimotive/Tests/Full-Test/Build/CMakeFiles/CMakeTmp'
make[1]: *** [cmTryCompileExec154776195] Error 1
Makefile:117: recipe for target 'cmTryCompileExec154776195/fast' failed
make: *** [cmTryCompileExec154776195/fast] Error 2

File /home/pi/GitHub/Optimotive/Tests/Full-Test/Build/CMakeFiles/CMakeTmp/CheckSymbolExists.c:
/* */
#include <pthread.h>

int main(int argc, char** argv)
{
  (void)argv;
#ifndef pthread_create
  return ((int*)(&pthread_create))[argc];
#else
  (void)argc;
  return 0;
#endif
}

Determining if the function pthread_create exists in the pthreads failed with the following output:
Change Dir: /home/pi/GitHub/Optimotive/Tests/Full-Test/Build/CMakeFiles/CMakeTmp

Run Build Command:/usr/bin/make "cmTryCompileExec4014497738/fast"
/usr/bin/make -f CMakeFiles/cmTryCompileExec4014497738.dir/build.make CMakeFiles/cmTryCompileExec4014497738.dir/build
make[1]: Entering directory '/home/pi/GitHub/Optimotive/Tests/Full-Test/Build/CMakeFiles/CMakeTmp'
/usr/bin/cmake -E cmake_progress_report /home/pi/GitHub/Optimotive/Tests/Full-Test/Build/CMakeFiles/CMakeTmp/CMakeFiles 1
Building C object CMakeFiles/cmTryCompileExec4014497738.dir/CheckFunctionExists.c.o
/usr/bin/gcc   -DCHECK_FUNCTION_EXISTS=pthread_create   -o CMakeFiles/cmTryCompileExec4014497738.dir/CheckFunctionExists.c.o   -c /usr/share/cmake-2.8/Modules/CheckFunctionExists.c
Linking C executable cmTryCompileExec4014497738
/usr/bin/cmake -E cmake_link_script CMakeFiles/cmTryCompileExec4014497738.dir/link.txt --verbose=1
/usr/bin/gcc     -DCHECK_FUNCTION_EXISTS=pthread_create    CMakeFiles/cmTryCompileExec4014497738.dir/CheckFunctionExists.c.o  -o cmTryCompileExec4014497738 -rdynamic -lpthreads 
/usr/bin/ld: cannot find -lpthreads
collect2: ld returned 1 exit status
CMakeFiles/cmTryCompileExec4014497738.dir/build.make:91: recipe for target 'cmTryCompileExec4014497738' failed
make[1]: Leaving directory '/home/pi/GitHub/Optimotive/Tests/Full-Test/Build/CMakeFiles/CMakeTmp'
make[1]: *** [cmTryCompileExec4014497738] Error 1
Makefile:117: recipe for target 'cmTryCompileExec4014497738/fast' failed
make: *** [cmTryCompileExec4014497738/fast] Error 2


